
Showing logs for build [32mcb-kubecd-environment-pr-175-9-dgt4j-1[0m stage [32mfrom-build-pack[0m and container [32mstep-credential-initializer-6b2hm[0m
{"level":"warn","ts":1583481035.1799672,"logger":"fallback-logger","caller":"logging/config.go:69","msg":"Fetch GitHub commit ID from kodata failed: \"ref: refs/heads/0.8.0-**-support-backwards-incompats\" is not a valid GitHub commit ID"}
{"level":"info","ts":1583481035.1809185,"logger":"fallback-logger","caller":"creds-init/main.go:40","msg":"Credentials initialized."}

Showing logs for build [32mcb-kubecd-environment-pr-175-9-dgt4j-1[0m stage [32mfrom-build-pack[0m and container [32mstep-working-dir-initializer-gvjh8[0m
{"level":"warn","ts":1583481035.7376313,"logger":"fallback-logger","caller":"logging/config.go:69","msg":"Fetch GitHub commit ID from kodata failed: open /var/run/ko/HEAD: no such file or directory"}
{"level":"info","ts":1583481035.742468,"logger":"fallback-logger","caller":"bash/main.go:64","msg":"Successfully executed command \"sh -c mkdir -p /workspace/source\"; output "}

Showing logs for build [32mcb-kubecd-environment-pr-175-9-dgt4j-1[0m stage [32mfrom-build-pack[0m and container [32mstep-place-tools[0m

Showing logs for build [32mcb-kubecd-environment-pr-175-9-dgt4j-1[0m stage [32mfrom-build-pack[0m and container [32mstep-git-source-cb-kubecd-environment-pr-175-9-dgt4j-fl8pq[0m
{"level":"warn","ts":1583481039.8283813,"logger":"fallback-logger","caller":"logging/config.go:69","msg":"Fetch GitHub commit ID from kodata failed: \"ref: refs/heads/0.8.0-**-support-backwards-incompats\" is not a valid GitHub commit ID"}
{"level":"info","ts":1583481040.8876605,"logger":"fallback-logger","caller":"git/git.go:103","msg":"Successfully cloned https://github.com/cb-kubecd/environment-pr-175-9-boot-gke-staging.git @ master in path /workspace/source"}

Showing logs for build [32mcb-kubecd-environment-pr-175-9-dgt4j-1[0m stage [32mfrom-build-pack[0m and container [32mstep-git-merge[0m
Using SHAs from PULL_REFS=master:b51957d20d715248c1626c259b74dd238b29204f,8:bbf4302096c0fdd4bc0a930dfa95252c15ece2bd
DEBUG: LC_ALL=C JX_LOG_LEVEL=error git fetch origin --unshallow bbf4302096c0fdd4bc0a930dfa95252c15ece2bd: b51957d20d715248c1626c259b74dd238b29204f:
DEBUG: ran git fetch --unshallow origin bbf4302096c0fdd4bc0a930dfa95252c15ece2bd: b51957d20d715248c1626c259b74dd238b29204f: in 
DEBUG: LC_ALL=C JX_LOG_LEVEL=error git branch
DEBUG: LC_ALL=C JX_LOG_LEVEL=error git checkout master
DEBUG: ran git checkout master in 
DEBUG: LC_ALL=C JX_LOG_LEVEL=error git reset --hard b51957d20d715248c1626c259b74dd238b29204f
DEBUG: ran git reset --hard b51957d20d715248c1626c259b74dd238b29204f in 
DEBUG: LC_ALL=C JX_LOG_LEVEL=error git clean -fd .
DEBUG: ran clean --force -d . in 
DEBUG: LC_ALL=C JX_LOG_LEVEL=error git merge bbf4302096c0fdd4bc0a930dfa95252c15ece2bd
DEBUG: ran git merge bbf4302096c0fdd4bc0a930dfa95252c15ece2bd in 
DEBUG: JX_LOG_LEVEL=error LC_ALL=C git log --format=%H%x1f%an%x1f%ae%x1f%cn%x1f%ce%x1f%s%n%b%x1e b51957d20d715248c1626c259b74dd238b29204f..HEAD
Merged SHA bbf4302096c0fdd4bc0a930dfa95252c15ece2bd with commit message 'chore: Promote bdd-ghf**y-import-1583479231 to version 0.0.1' into base branch master

Showing logs for build [32mcb-kubecd-environment-pr-175-9-dgt4j-1[0m stage [32mfrom-build-pack[0m and container [32mstep-build-helm-build[0m
WARNING: No $CHART_REPOSITORY defined so using the default value of: http://jenkins-x-chartmuseum:8080
Adding missing Helm repo: storage.googleapis.com https://storage.googleapis.com/chartmuseum.jenkins-x.io
WARNING: No secrets found on "helm/repos" due: reading the secret "helm/repos" from vault: no secret "helm/repos" not found in vault
Read credentials for https://storage.googleapis.com/chartmuseum.jenkins-x.io from vault helm/repos
Successfully added Helm repository storage.googleapis.com.
Adding missing Helm repo: jenkins-x-chartmuseum http://jenkins-x-chartmuseum:8080
WARNING: No secrets found on "helm/repos" due: reading the secret "helm/repos" from vault: no secret "helm/repos" not found in vault
Read credentials for http://jenkins-x-chartmuseum:8080 from vault helm/repos
Successfully added Helm repository jenkins-x-chartmuseum.
WARNING: No $CHART_REPOSITORY defined so using the default value of: http://jenkins-x-chartmuseum:8080
Adding missing Helm repo: chartmuseum.jenkins-x.io http://chartmuseum.jenkins-x.io
WARNING: No secrets found on "helm/repos" due: reading the secret "helm/repos" from vault: no secret "helm/repos" not found in vault
Read credentials for http://chartmuseum.jenkins-x.io from vault helm/repos
Successfully added Helm repository chartmuseum.jenkins-x.io.
